Paul-Bergs-Macbook:zos-cli paulrberg$ npm audit
path.js:1175
          cwd = process.cwd();
                        ^

Error: ENOENT: no such file or directory, uv_cwd
    at Object.resolve (path.js:1175:25)
    at Function.Module._resolveLookupPaths (module.js:431:17)
    at Function.Module._resolveFilename (module.js:549:20)
    at Function.Module._load (module.js:482:25)
    at Module.require (module.js:604:17)
    at require (internal/module.js:11:18)
    at /Users/paulrberg/.nvm/versions/node/v9.3.0/lib/node_modules/npm/bin/npm-cli.js:19:21
    at Object.<anonymous> (/Users/paulrberg/.nvm/versions/node/v9.3.0/lib/node_modules/npm/bin/npm-cli.js:145:3)
    at Module._compile (module.js:660:30)
    at Object.Module._extensions..js (module.js:671:10)
Paul-Bergs-Macbook:zos-cli paulrberg$ cd ../
Paul-Bergs-Macbook:clones paulrberg$ cd zos-cli
Paul-Bergs-Macbook:zos-cli paulrberg$ npm audit

                       === npm audit security report ===

# Run  npm install truffle-core@4.1.11  to resolve 5 vulnerabilities
┌───────────────┬──────────────────────────────────────────────────────────────┐
│ Low           │ Regular Expression Denial of Service                         │
├───────────────┼──────────────────────────────────────────────────────────────┤
│ Package       │ debug                                                        │
├───────────────┼──────────────────────────────────────────────────────────────┤
│ Dependency of │ truffle-core                                                 │
├───────────────┼──────────────────────────────────────────────────────────────┤
│ Path          │ truffle-core > mocha > debug                                 │
├───────────────┼──────────────────────────────────────────────────────────────┤
│ More info     │ https://nodesecurity.io/advisories/534                       │
└───────────────┴──────────────────────────────────────────────────────────────┘


┌───────────────┬──────────────────────────────────────────────────────────────┐
│ Low           │ Regular Expression Denial of Service                         │
├───────────────┼──────────────────────────────────────────────────────────────┤
│ Package       │ debug                                                        │
├───────────────┼──────────────────────────────────────────────────────────────┤
│ Dependency of │ truffle-core                                                 │
├───────────────┼──────────────────────────────────────────────────────────────┤
│ Path          │ truffle-core > finalhandler > debug                          │
├───────────────┼──────────────────────────────────────────────────────────────┤
│ More info     │ https://nodesecurity.io/advisories/534                       │
└───────────────┴──────────────────────────────────────────────────────────────┘


┌───────────────┬──────────────────────────────────────────────────────────────┐
│ Critical      │ Command Injection                                            │
├───────────────┼──────────────────────────────────────────────────────────────┤
│ Package       │ growl                                                        │
├───────────────┼──────────────────────────────────────────────────────────────┤
│ Dependency of │ truffle-core                                                 │
├───────────────┼──────────────────────────────────────────────────────────────┤
│ Path          │ truffle-core > mocha > growl                                 │
├───────────────┼──────────────────────────────────────────────────────────────┤
│ More info     │ https://nodesecurity.io/advisories/146                       │
└───────────────┴──────────────────────────────────────────────────────────────┘


┌───────────────┬──────────────────────────────────────────────────────────────┐
│ Critical      │ Sandbox Breakout                                             │
├───────────────┼──────────────────────────────────────────────────────────────┤
│ Package       │ safe-eval                                                    │
├───────────────┼──────────────────────────────────────────────────────────────┤
│ Dependency of │ truffle-core                                                 │
├───────────────┼──────────────────────────────────────────────────────────────┤
│ Path          │ truffle-core > safe-eval                                     │
├───────────────┼──────────────────────────────────────────────────────────────┤
│ More info     │ https://nodesecurity.io/advisories/337                       │
└───────────────┴──────────────────────────────────────────────────────────────┘


┌───────────────┬──────────────────────────────────────────────────────────────┐
│ High          │ Denial of Service                                            │
├───────────────┼──────────────────────────────────────────────────────────────┤
│ Package       │ ws                                                           │
├───────────────┼──────────────────────────────────────────────────────────────┤
│ Dependency of │ truffle-core                                                 │
├───────────────┼──────────────────────────────────────────────────────────────┤
│ Path          │ truffle-core > truffle-debugger > remote-redux-devtools >    │
│               │ socketcluster-client > ws                                    │
├───────────────┼──────────────────────────────────────────────────────────────┤
│ More info     │ https://nodesecurity.io/advisories/550                       │
└───────────────┴──────────────────────────────────────────────────────────────┘


# Run  npm install truffle@4.1.11  to resolve 2 vulnerabilities
┌───────────────┬──────────────────────────────────────────────────────────────┐
│ Low           │ Regular Expression Denial of Service                         │
├───────────────┼──────────────────────────────────────────────────────────────┤
│ Package       │ debug                                                        │
├───────────────┼──────────────────────────────────────────────────────────────┤
│ Dependency of │ truffle                                                      │
├───────────────┼──────────────────────────────────────────────────────────────┤
│ Path          │ truffle > mocha > debug                                      │
├───────────────┼──────────────────────────────────────────────────────────────┤
│ More info     │ https://nodesecurity.io/advisories/534                       │
└───────────────┴──────────────────────────────────────────────────────────────┘


┌───────────────┬──────────────────────────────────────────────────────────────┐
│ Critical      │ Command Injection                                            │
├───────────────┼──────────────────────────────────────────────────────────────┤
│ Package       │ growl                                                        │
├───────────────┼──────────────────────────────────────────────────────────────┤
│ Dependency of │ truffle                                                      │
├───────────────┼──────────────────────────────────────────────────────────────┤
│ Path          │ truffle > mocha > growl                                      │
├───────────────┼──────────────────────────────────────────────────────────────┤
│ More info     │ https://nodesecurity.io/advisories/146                       │
└───────────────┴──────────────────────────────────────────────────────────────┘


found 7 vulnerabilities (3 low, 1 high, 3 critical) in 17321 scanned packages
  run `npm audit fix` to fix 7 of them.
