Paul-Bergs-Macbook:paulcoin-zos paulrberg$ zos add PaulContract
Compiling contracts
Compiling ./contracts/PaulContract.sol...
Compiling ./contracts/PaulNonFungibleToken.sol...
Compiling openzeppelin-zos/contracts/AddressUtils.sol...
Compiling openzeppelin-zos/contracts/math/SafeMath.sol...
Compiling openzeppelin-zos/contracts/ownership/Ownable.sol...
Compiling openzeppelin-zos/contracts/token/ERC721/ERC721.sol...
Compiling openzeppelin-zos/contracts/token/ERC721/ERC721Basic.sol...
Compiling openzeppelin-zos/contracts/token/ERC721/ERC721BasicToken.sol...
Compiling openzeppelin-zos/contracts/token/ERC721/ERC721Receiver.sol...
Compiling openzeppelin-zos/contracts/token/ERC721/ERC721Token.sol...
Compiling openzeppelin-zos/contracts/token/ERC721/MintableERC721Token.sol...
Compiling zos-lib/contracts/migrations/Migratable.sol...
Writing artifacts to ./build/contracts

/Users/paulrberg/.nvm/versions/node/v9.3.0/lib/node_modules/zos/lib/bin/errors.js:11
    throw reason;
    ^

TypeError: Cannot set property 'PaulContract' of undefined
    at LocalAppController.add (/Users/paulrberg/.nvm/versions/node/v9.3.0/lib/node_modules/zos/lib/models/local/LocalBaseController.js:62:47)
    at contractsData.forEach (/Users/paulrberg/.nvm/versions/node/v9.3.0/lib/node_modules/zos/lib/scripts/add.js:20:19)
    at Array.forEach (<anonymous>)
    at add (/Users/paulrberg/.nvm/versions/node/v9.3.0/lib/node_modules/zos/lib/scripts/add.js:18:17)
    at Command.<anonymous> (/Users/paulrberg/.nvm/versions/node/v9.3.0/lib/node_modules/zos/lib/commands/add.js:33:27)
    at <anonymous>
    